Arguments: 
  C:\Program Files\nodejs\node.exe C:\Program Files (x86)\Yarn\bin\yarn.js install

PATH: 
  C:\Users\chq-cathrync\bin;C:\Program Files\Git\mingw64\bin;C:\Program Files\Git\usr\local\bin;C:\Program Files\Git\usr\bin;C:\Program Files\Git\usr\bin;C:\Program Files\Git\mingw64\bin;C:\Program Files\Git\usr\bin;C:\Users\chq-cathrync\bin;C:\ProgramData\Oracle\Java\javapath;C:\Program Files (x86)\NVIDIA Corporation\PhysX\Common;C:\Program Files (x86)\Intel\iCLS Client;C:\Program Files\Intel\iCLS Client;C:\Windows\system32;C:\Windows;C:\Windows\System32\Wbem;C:\Windows\System32\WindowsPowerShell\v1.0;C:\WINDOWS\CCM;C:\WINDOWS\CCM;C:\WINDOWS\CCM;C:\WINDOWS\CCM;C:\SWTOOLS\ReadyApps;C:\PROGRA~2\IBM\SQLLIB\BIN;C:\PROGRA~2\IBM\SQLLIB\FUNCTION;C:\PROGRA~2\IBM\SQLLIB\SAMPLES\REPL;C:\Program Files\Intel\Intel(R) Management Engine Components\DAL;C:\Program Files\Intel\Intel(R) Management Engine Components\IPT;C:\Program Files (x86)\Intel\Intel(R) Management Engine Components\DAL;C:\Program Files (x86)\Intel\Intel(R) Management Engine Components\IPT;C:\Program Files\Java\jdk1.8.0_51\bin;C:\Program Files\TortoiseSVN\bin;C:\Program Files\nodejs;C:\Users\chq-cathrync\AppData\Roaming\npm\node_modules\typescript;C:\Tools\apache-maven-3.3.9\bin;C:\Program Files (x86)\Heroku\bin;C:\Program Files\Heroku\bin;C:\Windows\System32\WindowsPowerShell\v1.0;C:\Program Files\Git\cmd;C:\Program Files (x86)\Yarn\bin;C:\Program Files (x86)\Ruby21\bin;C:\Users\chq-cathrync\AppData\Roaming\npm;C:\Users\chq-cathrync\AppData\Local\.meteor;C:\Program Files\Heroku\bin;C:\Users\chq-cathrync\AppData\Local\Yarn\.bin;C:\Program Files\Git\usr\bin\vendor_perl;C:\Program Files\Git\usr\bin\core_perl

Yarn version: 
  0.18.1

Node version: 
  4.1.2

Platform: 
  win32 x64

npm manifest: 
  {
    "name": "wishlist-app",
    "version": "0.1.0",
    "private": true,
    "eslintConfig": {
      "extends": "react-app"
    },
    "devDependencies": {
      "react-scripts": "0.8.4"
    },
    "dependencies": {
      "bootstrap": "3",
      "getstorybook": "^1.6.1",
      "global": "^4.3.1",
      "react": "^15.4.1",
      "react-bootstrap": "^0.30.7",
      "react-dom": "^15.4.1"
    },
    "scripts": {
      "start": "react-scripts start",
      "build": "react-scripts build",
      "test": "react-scripts test --env=jsdom",
      "eject": "react-scripts eject"
    }
  }

yarn manifest: 
  No manifest

Lockfile: 
  No lockfile

Trace: 
  Error: unable to get local issuer certificate
      at Error (native)
      at TLSSocket.<anonymous> (_tls_wrap.js:1000:38)
      at emitNone (events.js:67:13)
      at TLSSocket.emit (events.js:166:7)
      at TLSSocket._finishInit (_tls_wrap.js:567:8)
